<testsuite errors="0" failures="0" name="SomeTest.addition2.SomeTest" tests="1" time="0">
  <testcase name="addition2" time="0"/>
</testsuite>