<testsuite errors="0" failures="0" name="SomeTest.doIOError.SomeTest" tests="1" time="0">
  <testcase name="doIOError" time="0"/>
</testsuite>