<testsuite errors="0" failures="0" name="SomeTest.addition.SomeTest" tests="1" time="0">
  <testcase name="addition" time="0"/>
</testsuite>